build/outputs/logs/manifest-merger-release-report.txt
-- Merging decision tree log ---
manifest
ADDED from samples/face-detection/AndroidManifest.xml:2:1-36:12
INJECTED from samples/face-detection/AndroidManifest.xml:2:1-36:12
INJECTED from samples/face-detection/AndroidManifest.xml:2:1-36:12
INJECTED from samples/face-detection/AndroidManifest.xml:2:1-36:12
MERGED from [:opencv] AndroidManifest.xml:2:1-13:12
MERGED from [org.tensorflow:tensorflow-lite-support:0.0.0-nightly] AndroidManifest.xml:2:1-5:12
MERGED from [org.tensorflow:tensorflow-lite:0.0.0-nightly] AndroidManifest.xml:2:1-12:12
MERGED from [org.tensorflow:tensorflow-lite-gpu:0.0.0-nightly] AndroidManifest.xml:2:1-12:12
INJECTED from samples/face-detection/AndroidManifest.xml:2:1-36:12
INJECTED from samples/face-detection/AndroidManifest.xml:2:1-36:12
INJECTED from samples/face-detection/AndroidManifest.xml:2:1-36:12
	package
		ADDED from samples/face-detection/AndroidManifest.xml:3:11-50
		INJECTED from samples/face-detection/AndroidManifest.xml
		INJECTED from samples/face-detection/AndroidManifest.xml
	android:versionName
		INJECTED from samples/face-detection/AndroidManifest.xml
		ADDED from samples/face-detection/AndroidManifest.xml:2:1-36:12
		INJECTED from samples/face-detection/AndroidManifest.xml
	android:versionCode
		INJECTED from samples/face-detection/AndroidManifest.xml
		ADDED from samples/face-detection/AndroidManifest.xml:2:1-36:12
		INJECTED from samples/face-detection/AndroidManifest.xml
	xmlns:android
		ADDED from samples/face-detection/AndroidManifest.xml:2:11-69
application
ADDED from samples/face-detection/AndroidManifest.xml:6:5-19:19
MERGED from [org.tensorflow:tensorflow-lite:0.0.0-nightly] AndroidManifest.xml:10:5-20
MERGED from [org.tensorflow:tensorflow-lite:0.0.0-nightly] AndroidManifest.xml:10:5-20
MERGED from [org.tensorflow:tensorflow-lite-gpu:0.0.0-nightly] AndroidManifest.xml:10:5-20
MERGED from [org.tensorflow:tensorflow-lite-gpu:0.0.0-nightly] AndroidManifest.xml:10:5-20
	android:label
		ADDED from samples/face-detection/AndroidManifest.xml:7:9-41
	android:icon
		ADDED from samples/face-detection/AndroidManifest.xml:8:9-38
activity#org.opencv.samples.facedetect.FdActivity
ADDED from samples/face-detection/AndroidManifest.xml:10:9-18:20
	android:screenOrientation
		ADDED from samples/face-detection/AndroidManifest.xml:12:19-56
	android:label
		ADDED from samples/face-detection/AndroidManifest.xml:11:19-51
	android:configChanges
		ADDED from samples/face-detection/AndroidManifest.xml:13:19-69
	android:name
		ADDED from samples/face-detection/AndroidManifest.xml:10:19-44
intent-filter#action:name:android.intent.action.MAIN+category:name:android.intent.category.LAUNCHER
ADDED from samples/face-detection/AndroidManifest.xml:14:13-17:29
action#android.intent.action.MAIN
ADDED from samples/face-detection/AndroidManifest.xml:15:17-69
	android:name
		ADDED from samples/face-detection/AndroidManifest.xml:15:25-66
category#android.intent.category.LAUNCHER
ADDED from samples/face-detection/AndroidManifest.xml:16:17-77
	android:name
		ADDED from samples/face-detection/AndroidManifest.xml:16:27-74
supports-screens
ADDED from samples/face-detection/AndroidManifest.xml:21:5-25:51
	android:largeScreens
		ADDED from samples/face-detection/AndroidManifest.xml:24:23-50
	android:smallScreens
		ADDED from samples/face-detection/AndroidManifest.xml:22:23-50
	android:normalScreens
		ADDED from samples/face-detection/AndroidManifest.xml:23:23-51
	android:resizeable
		ADDED from samples/face-detection/AndroidManifest.xml:21:23-48
	android:anyDensity
		ADDED from samples/face-detection/AndroidManifest.xml:25:23-48
uses-permission#android.permission.CAMERA
ADDED from samples/face-detection/AndroidManifest.xml:27:5-64
MERGED from [:opencv] AndroidManifest.xml:11:5-65
MERGED from [:opencv] AndroidManifest.xml:11:5-65
	android:name
		ADDED from samples/face-detection/AndroidManifest.xml:27:22-62
uses-permission#android.permission.ACCESS_MEDIA_LOCATION
ADDED from samples/face-detection/AndroidManifest.xml:28:5-79
	android:name
		ADDED from samples/face-detection/AndroidManifest.xml:28:22-77
uses-feature#android.hardware.camera
ADDED from samples/face-detection/AndroidManifest.xml:31:5-84
	android:required
		ADDED from samples/face-detection/AndroidManifest.xml:31:58-82
	android:name
		ADDED from samples/face-detection/AndroidManifest.xml:31:19-57
uses-feature#android.hardware.camera.autofocus
ADDED from samples/face-detection/AndroidManifest.xml:32:5-94
	android:required
		ADDED from samples/face-detection/AndroidManifest.xml:32:68-92
	android:name
		ADDED from samples/face-detection/AndroidManifest.xml:32:19-67
uses-feature#android.hardware.camera.front
ADDED from samples/face-detection/AndroidManifest.xml:33:5-90
	android:required
		ADDED from samples/face-detection/AndroidManifest.xml:33:64-88
	android:name
		ADDED from samples/face-detection/AndroidManifest.xml:33:19-63
uses-feature#android.hardware.camera.front.autofocus
ADDED from samples/face-detection/AndroidManifest.xml:34:5-100
	android:required
		ADDED from samples/face-detection/AndroidManifest.xml:34:74-98
	android:name
		ADDED from samples/face-detection/AndroidManifest.xml:34:19-73
uses-sdk
INJECTED from samples/face-detection/AndroidManifest.xml reason: use-sdk injection requested
INJECTED from samples/face-detection/AndroidManifest.xml
INJECTED from samples/face-detection/AndroidManifest.xml
MERGED from [:opencv] AndroidManifest.xml:7:5-9:41
MERGED from [:opencv] AndroidManifest.xml:7:5-9:41
MERGED from [org.tensorflow:tensorflow-lite-support:0.0.0-nightly] AndroidManifest.xml:4:3-71
MERGED from [org.tensorflow:tensorflow-lite-support:0.0.0-nightly] AndroidManifest.xml:4:3-71
MERGED from [org.tensorflow:tensorflow-lite:0.0.0-nightly] AndroidManifest.xml:7:5-8:41
MERGED from [org.tensorflow:tensorflow-lite:0.0.0-nightly] AndroidManifest.xml:7:5-8:41
MERGED from [org.tensorflow:tensorflow-lite-gpu:0.0.0-nightly] AndroidManifest.xml:7:5-8:41
MERGED from [org.tensorflow:tensorflow-lite-gpu:0.0.0-nightly] AndroidManifest.xml:7:5-8:41
INJECTED from samples/face-detection/AndroidManifest.xml
INJECTED from samples/face-detection/AndroidManifest.xml
	android:targetSdkVersion
		INJECTED from samples/face-detection/AndroidManifest.xml
		ADDED from samples/face-detection/AndroidManifest.xml
		INJECTED from samples/face-detection/AndroidManifest.xml
	android:minSdkVersion
		INJECTED from samples/face-detection/AndroidManifest.xml
		ADDED from samples/face-detection/AndroidManifest.xml
		MERGED from samples/face-detection/AndroidManifest.xml
		MERGED from samples/face-detection/AndroidManifest.xml
		INJECTED from samples/face-detection/AndroidManifest.xml